No new file
No new file
No new file
No new file
No new file
No new file
No new file
No new file
No new file
No new file
No new file
No new file
No new file
No new file
No new file
No new file
No new file
No new file
Run at 2020-10-08T10:15:03+05:30
No new file
Run at 2020-10-08T10:20:05+05:30
No new file
Run at 2020-10-08T10:25:02+05:30
No new file
Run at 2020-10-08T10:30:03+05:30
No new file
Run at 2020-10-08T10:35:04+05:30
No new file
Run at 2020-10-08T10:40:03+05:30
No new file
Run at 2020-10-08T10:45:02+05:30
No new file
Run at 2020-10-08T10:50:03+05:30
No new file
Run at 2020-10-08T10:55:03+05:30
No new file
Run at 2020-10-08T11:25:03+05:30
No new file
Run at 2020-10-08T11:30:03+05:30
No new file
Run at 2020-10-08T11:35:02+05:30
No new file
Run at 2020-10-08T11:40:03+05:30
No new file
Run at 2020-10-08T11:45:03+05:30
No new file
Run at 2020-10-08T11:50:02+05:30
No new file
Run at 2020-10-08T11:55:03+05:30
No new file
Run at 2020-10-08T12:00:03+05:30
No new file
Run at 2020-10-08T12:05:03+05:30
No new file
Run at 2020-10-08T12:10:03+05:30
No new file
Run at 2020-10-08T12:15:03+05:30
No new file
Run at 2020-10-08T12:20:03+05:30
No new file
Run at 2020-10-08T12:25:02+05:30
No new file
Run at 2020-10-08T12:30:02+05:30
No new file
Run at 2020-10-08T12:35:03+05:30
No new file
Run at 2020-10-08T12:40:03+05:30
No new file
Run at 2020-10-08T12:45:02+05:30
No new file
Run at 2020-10-08T12:50:03+05:30
No new file
Run at 2020-10-08T12:55:03+05:30
No new file
Run at 2020-10-08T13:00:04+05:30
No new file
Run at 2020-10-08T13:05:02+05:30
No new file
Run at 2020-10-08T13:10:05+05:30
No new file
Run at 2020-10-08T13:15:03+05:30
No new file
Run at 2020-10-08T13:20:02+05:30
No new file
Run at 2020-10-08T13:25:03+05:30
No new file
Run at 2020-10-08T13:30:03+05:30
No new file
Run at 2020-10-08T13:35:04+05:30
No new file
Run at 2020-10-08T13:40:03+05:30
No new file
Run at 2020-10-08T13:45:03+05:30
No new file
Run at 2020-10-08T13:50:03+05:30
No new file
Run at 2020-10-08T13:55:04+05:30
No new file
Run at 2020-10-08T14:00:03+05:30
No new file
Run at 2020-10-08T14:05:03+05:30
No new file
Run at 2020-10-08T14:10:04+05:30
No new file
Run at 2020-10-08T14:15:03+05:30
No new file
Run at 2020-10-08T14:20:05+05:30
No new file
Run at 2020-10-08T14:25:03+05:30
No new file
Run at 2020-10-08T14:45:04+05:30
No new file
Run at 2020-10-08T14:50:04+05:30
No new file
Run at 2020-10-08T14:55:03+05:30
No new file
Run at 2020-10-08T15:00:03+05:30
No new file
Run at 2020-10-08T15:05:03+05:30
No new file
Run at 2020-10-08T15:10:03+05:30
No new file
Run at 2020-10-08T15:15:04+05:30
No new file
Run at 2020-10-08T15:35:03+05:30
Replacing file....
<!doctype html>
<style type="text/css">
	#mainPopup {
		padding: 10px;
		height: 200px;
		width: 400px;
		font-family: Helvetica, Ubuntu, Arial, sans-serif;
	}
	h1 {
		font-size: 2em;
	}
	/* make keyframes that tell the start state and the end state of our object */
	 
	@-webkit-keyframes fadeIn { from { opacity:0; } to { opacity:1; } }
	@-moz-keyframes fadeIn { from { opacity:0; } to { opacity:1; } }
	@keyframes fadeIn { from { opacity:0; } to { opacity:1; } }
	 
	.fade-in {
		opacity:0;  /* make things invisible upon start */
		-webkit-animation:fadeIn ease-in 1;  /* call our keyframe named fadeIn, use animation ease-in and repeat it only 1 time */
		-moz-animation:fadeIn ease-in 1;
		animation:fadeIn ease-in 1;
	 
		-webkit-animation-fill-mode:forwards;  /* this makes sure that after animation is done we remain at the last keyframe value (opacity: 1)*/
		-moz-animation-fill-mode:forwards;
		animation-fill-mode:forwards;
	 
		-webkit-animation-duration:1s;
		-moz-animation-duration:1s;
		animation-duration:1s;
	}
	 
	.fade-in.one {
	-webkit-animation-delay: 0.7s;
	-moz-animation-delay: 0.7s;
	animation-delay: 0.7s;
	}
	 
	.fade-in.two {
	-webkit-animation-delay: 1.4s;
	-moz-animation-delay:1.4s;
	animation-delay: 1.4s;
	}
	 
	.fade-in.three {
	-webkit-animation-delay: 1.8s;
	-moz-animation-delay: 1.8s;
	animation-delay: 1.8s;
	}
	body {
	    font-size: 14px;
	    font-family: 'Work Sans', sans-serif;
	    color: #666;    
	}
	a {
	    color: #00b8d4;
	}
	a:hover {
	    color: #000;
	    font-style: none;
	}
	a:active {
	    color: #00b8d4;
	}
	h1 {
	    color: #222;
	}
	h2 {
	    color: #222;
	}
	hr {

	}
	ul {
	    margin-left: -1em;
	}
	li {
	    display: inline;
	    list-style: none;
	    list-style-position: outside;
	    margin-left: 20px;
	}
	.test-border {
	    border: 1px solid #000;
	}
	.main {
	    padding: 0px 40px 40px 40px;
	}
	.nav {
	    text-align: center;
	    text-transform: uppercase;
	}
	.content {
	    margin: 0em 0em 4em 0em;
	    padding: 20px;
	}
	.pagehead {
			margin: 4em 0 0 0;
	    text-align: center;
	}
	.section-head {
	    font-size: 3em;
	    text-align: center;
	    margin: 0em 0em 1.5em 0em;
	}
	.profile-pic {
	  display: flex;
	  justify-content: center;
	  align-items: center;
	}
	.intro {
	    font-size: 5em;
	    font-weight: bold;
	}
	.blurb {
	    font-size: 1em;
	    text-align: center;
	}
	.social-icons {
	    text-align: center;
	    font-size: 2em;
	    margin: 1em;
	}
	.highlight-text {
	    font-size: 2em;
	    margin: 0.8em 0em 0.5em 0em;
	}
	.project-grid {
	    padding: 1.2em 0em 0em 0em;
	}
	#footer {
	    text-align: center;
	    color: #888;
	    padding: 2em;
	}
	#footer a {
	    color: #888;
	}
</style>

<div id="mainPopup">
	<div class="container-fluid" id="top">
		<div class="pagehead">
			<h2 class="fade-in one intro">0.0 hrs</h2>
			<h4 class="fade-in two blurb">40.9 hrs in the month</h4>
		</div>
		<div class="fade-in three main">
			<div class="content" id="about">
				<h2 class="section-head">Tickets today</h2>
				<div class="row">
				    <div class="col-md-7">
			            
				    </div>
				</div>
			</div>
		</div>
	</div>
</div>

<script type="text/javascript" src="https://ajax.googleapis.com/ajax/libs/jquery/1.11.2/jquery.min.js"></script>
<script type="text/javascript" src="https://cdn.jsdelivr.net/jquery.scrollto/2.1.2/jquery.scrollTo.min.js"></script>
<script>
$('a[href^="#"]').click(function(e) {
  e.preventDefault();
  $(window).stop(true).scrollTo(this.hash, {duration:500, interrupt:false});
});
</script>
Run at 2020-10-08T15:40:02+05:30
No new file
Run at 2020-10-08T15:45:03+05:30
No new file
Run at 2020-10-08T15:50:03+05:30
No new file
Run at 2020-10-08T15:55:02+05:30
No new file
Run at 2020-10-08T16:00:03+05:30
No new file
Run at 2020-10-08T16:05:03+05:30
No new file
Run at 2020-10-08T16:10:02+05:30
No new file
Run at 2020-10-08T16:15:03+05:30
No new file
Run at 2020-10-08T16:45:04+05:30
No new file
Run at 2020-10-08T16:50:04+05:30
No new file
Run at 2020-10-08T16:55:02+05:30
No new file
Run at 2020-10-08T17:00:03+05:30
No new file
Run at 2020-10-08T17:05:02+05:30
No new file
Run at 2020-10-08T17:10:03+05:30
No new file
Run at 2020-10-08T17:15:03+05:30
No new file
Run at 2020-10-08T17:20:02+05:30
No new file
Run at 2020-10-08T17:25:03+05:30
No new file
Run at 2020-10-08T17:35:03+05:30
No new file
Run at 2020-10-08T17:40:03+05:30
No new file
Run at 2020-10-08T17:45:03+05:30
No new file
Run at 2020-10-08T17:50:02+05:30
No new file
Run at 2020-10-08T17:55:03+05:30
No new file
Run at 2020-10-08T18:00:03+05:30
No new file
Run at 2020-10-08T18:05:03+05:30
No new file
Run at 2020-10-08T18:10:03+05:30
No new file
Run at 2020-10-08T18:15:02+05:30
No new file
Run at 2020-10-08T18:20:03+05:30
No new file
Run at 2020-10-08T18:25:04+05:30
No new file
Run at 2020-10-08T18:30:03+05:30
No new file
Run at 2020-10-08T18:35:03+05:30
No new file
Run at 2020-10-08T18:40:02+05:30
No new file
Run at 2020-10-08T18:45:03+05:30
No new file
Run at 2020-10-08T18:50:03+05:30
No new file
Run at 2020-10-08T18:55:02+05:30
No new file
Run at 2020-10-08T19:00:02+05:30
No new file
